<?xml version="1.0" encoding="UTF-8"?>
<testng-results skipped="0" failed="1" ignored="0" total="8" passed="7">
  <reporter-output>
  </reporter-output>
  <suite name="Default suite" duration-ms="67252" started-at="2021-10-02T00:14:48 IST" finished-at="2021-10-02T00:15:55 IST">
    <groups>
    </groups>
    <test name="Default test" duration-ms="67252" started-at="2021-10-02T00:14:48 IST" finished-at="2021-10-02T00:15:55 IST">
      <class name="flightbooking1.fb1">
        <test-method status="PASS" signature="beforeTest()[pri:0, instance:flightbooking1.fb1@3e57cd70]" name="beforeTest" is-config="true" duration-ms="2056" started-at="2021-10-02T00:14:48 IST" finished-at="2021-10-02T00:14:50 IST">
          <reporter-output>
          </reporter-output>
        </test-method> <!-- beforeTest -->
        <test-method status="PASS" signature="fbpage1()[pri:1, instance:flightbooking1.fb1@3e57cd70]" name="fbpage1" duration-ms="8850" started-at="2021-10-02T00:14:50 IST" description="Checking website and Flight button" finished-at="2021-10-02T00:14:58 IST">
          <reporter-output>
          </reporter-output>
        </test-method> <!-- fbpage1 -->
        <test-method status="PASS" signature="fbpage2()[pri:2, instance:flightbooking1.fb1@3e57cd70]" name="fbpage2" duration-ms="2641" started-at="2021-10-02T00:14:58 IST" description="Checking From Location" finished-at="2021-10-02T00:15:01 IST">
          <reporter-output>
          </reporter-output>
        </test-method> <!-- fbpage2 -->
        <test-method status="PASS" signature="fbpage3()[pri:3, instance:flightbooking1.fb1@3e57cd70]" name="fbpage3" duration-ms="5360" started-at="2021-10-02T00:15:01 IST" description="Checking To Location" finished-at="2021-10-02T00:15:06 IST">
          <reporter-output>
          </reporter-output>
        </test-method> <!-- fbpage3 -->
        <test-method status="PASS" signature="fbpage4()[pri:4, instance:flightbooking1.fb1@3e57cd70]" name="fbpage4" duration-ms="1168" started-at="2021-10-02T00:15:06 IST" description="Checking Departing Date" finished-at="2021-10-02T00:15:08 IST">
          <reporter-output>
          </reporter-output>
        </test-method> <!-- fbpage4 -->
        <test-method status="PASS" signature="fbpage5()[pri:5, instance:flightbooking1.fb1@3e57cd70]" name="fbpage5" duration-ms="10772" started-at="2021-10-02T00:15:08 IST" description="Checking Return date" finished-at="2021-10-02T00:15:18 IST">
          <reporter-output>
          </reporter-output>
        </test-method> <!-- fbpage5 -->
        <test-method status="PASS" signature="fbpage6()[pri:6, instance:flightbooking1.fb1@3e57cd70]" name="fbpage6" duration-ms="16523" started-at="2021-10-02T00:15:18 IST" description="Selecting Flight" finished-at="2021-10-02T00:15:35 IST">
          <reporter-output>
          </reporter-output>
        </test-method> <!-- fbpage6 -->
        <test-method status="PASS" signature="fbpage7()[pri:7, instance:flightbooking1.fb1@3e57cd70]" name="fbpage7" duration-ms="2042" started-at="2021-10-02T00:15:35 IST" description="Switching to new window" finished-at="2021-10-02T00:15:37 IST">
          <reporter-output>
          </reporter-output>
        </test-method> <!-- fbpage7 -->
        <test-method status="FAIL" signature="fbpage8()[pri:8, instance:flightbooking1.fb1@3e57cd70]" name="fbpage8" duration-ms="15783" started-at="2021-10-02T00:15:37 IST" description="giving credentials and clicking continue" finished-at="2021-10-02T00:15:53 IST">
          <exception class="org.openqa.selenium.NoSuchElementException">
            <message>
              <![CDATA[no such element: Unable to locate element: {"method":"xpath","selector":"//span[@data-ischecked='true']//span[@class='inner']"}
  (Session info: chrome=94.0.4606.61)
For documentation on this error, please visit: https://www.seleniumhq.org/exceptions/no_such_element.html
Build info: version: '3.141.59', revision: 'e82be7d358', time: '2018-11-14T08:17:03'
System info: host: 'LAPTOP-MHPMHPJB', ip: '192.168.1.104', os.name: 'Windows 10', os.arch: 'amd64', os.version: '10.0', java.version: '1.8.0_301'
Driver info: org.openqa.selenium.chrome.ChromeDriver
Capabilities {acceptInsecureCerts: false, browserName: chrome, browserVersion: 94.0.4606.61, chrome: {chromedriverVersion: 94.0.4606.41 (333e85df3c9b6..., userDataDir: C:\Users\asadt\AppData\Loca...}, goog:chromeOptions: {debuggerAddress: localhost:52476}, javascriptEnabled: true, networkConnectionEnabled: false, pageLoadStrategy: normal, platform: WINDOWS, platformName: WINDOWS, proxy: Proxy(), setWindowRect: true, strictFileInteractability: false, timeouts: {implicit: 0, pageLoad: 300000, script: 30000}, unhandledPromptBehavior: dismiss and notify, webauthn:extension:credBlob: true, webauthn:extension:largeBlob: true, webauthn:virtualAuthenticators: true}
Session ID: 57769713ac2148c0c685cc7d0debc9be
*** Element info: {Using=xpath, value=//span[@data-ischecked='true']//span[@class='inner']}]]>
            </message>
            <full-stacktrace>
              <![CDATA[org.openqa.selenium.NoSuchElementException: no such element: Unable to locate element: {"method":"xpath","selector":"//span[@data-ischecked='true']//span[@class='inner']"}
  (Session info: chrome=94.0.4606.61)
For documentation on this error, please visit: https://www.seleniumhq.org/exceptions/no_such_element.html
Build info: version: '3.141.59', revision: 'e82be7d358', time: '2018-11-14T08:17:03'
System info: host: 'LAPTOP-MHPMHPJB', ip: '192.168.1.104', os.name: 'Windows 10', os.arch: 'amd64', os.version: '10.0', java.version: '1.8.0_301'
Driver info: org.openqa.selenium.chrome.ChromeDriver
Capabilities {acceptInsecureCerts: false, browserName: chrome, browserVersion: 94.0.4606.61, chrome: {chromedriverVersion: 94.0.4606.41 (333e85df3c9b6..., userDataDir: C:\Users\asadt\AppData\Loca...}, goog:chromeOptions: {debuggerAddress: localhost:52476}, javascriptEnabled: true, networkConnectionEnabled: false, pageLoadStrategy: normal, platform: WINDOWS, platformName: WINDOWS, proxy: Proxy(), setWindowRect: true, strictFileInteractability: false, timeouts: {implicit: 0, pageLoad: 300000, script: 30000}, unhandledPromptBehavior: dismiss and notify, webauthn:extension:credBlob: true, webauthn:extension:largeBlob: true, webauthn:virtualAuthenticators: true}
Session ID: 57769713ac2148c0c685cc7d0debc9be
*** Element info: {Using=xpath, value=//span[@data-ischecked='true']//span[@class='inner']}
at sun.reflect.NativeConstructorAccessorImpl.newInstance0(Native Method)
at sun.reflect.NativeConstructorAccessorImpl.newInstance(Unknown Source)
at sun.reflect.DelegatingConstructorAccessorImpl.newInstance(Unknown Source)
at java.lang.reflect.Constructor.newInstance(Unknown Source)
at org.openqa.selenium.remote.http.W3CHttpResponseCodec.createException(W3CHttpResponseCodec.java:187)
at org.openqa.selenium.remote.http.W3CHttpResponseCodec.decode(W3CHttpResponseCodec.java:122)
at org.openqa.selenium.remote.http.W3CHttpResponseCodec.decode(W3CHttpResponseCodec.java:49)
at org.openqa.selenium.remote.HttpCommandExecutor.execute(HttpCommandExecutor.java:158)
at org.openqa.selenium.remote.service.DriverCommandExecutor.execute(DriverCommandExecutor.java:83)
at org.openqa.selenium.remote.RemoteWebDriver.execute(RemoteWebDriver.java:552)
at org.openqa.selenium.remote.RemoteWebDriver.findElement(RemoteWebDriver.java:323)
at org.openqa.selenium.remote.RemoteWebDriver.findElementByXPath(RemoteWebDriver.java:428)
at org.openqa.selenium.By$ByXPath.findElement(By.java:353)
at org.openqa.selenium.remote.RemoteWebDriver.findElement(RemoteWebDriver.java:315)
at flightbooking1.fb1.fbpage8(fb1.java:183)
at sun.reflect.NativeMethodAccessorImpl.invoke0(Native Method)
at sun.reflect.NativeMethodAccessorImpl.invoke(Unknown Source)
at sun.reflect.DelegatingMethodAccessorImpl.invoke(Unknown Source)
at java.lang.reflect.Method.invoke(Unknown Source)
at org.testng.internal.MethodInvocationHelper.invokeMethod(MethodInvocationHelper.java:133)
at org.testng.internal.TestInvoker.invokeMethod(TestInvoker.java:598)
at org.testng.internal.TestInvoker.invokeTestMethod(TestInvoker.java:173)
at org.testng.internal.MethodRunner.runInSequence(MethodRunner.java:46)
at org.testng.internal.TestInvoker$MethodInvocationAgent.invoke(TestInvoker.java:824)
at org.testng.internal.TestInvoker.invokeTestMethods(TestInvoker.java:146)
at org.testng.internal.TestMethodWorker.invokeTestMethods(TestMethodWorker.java:146)
at org.testng.internal.TestMethodWorker.run(TestMethodWorker.java:128)
at java.util.ArrayList.forEach(Unknown Source)
at org.testng.TestRunner.privateRun(TestRunner.java:794)
at org.testng.TestRunner.run(TestRunner.java:596)
at org.testng.SuiteRunner.runTest(SuiteRunner.java:377)
at org.testng.SuiteRunner.runSequentially(SuiteRunner.java:371)
at org.testng.SuiteRunner.privateRun(SuiteRunner.java:332)
at org.testng.SuiteRunner.run(SuiteRunner.java:276)
at org.testng.SuiteRunnerWorker.runSuite(SuiteRunnerWorker.java:53)
at org.testng.SuiteRunnerWorker.run(SuiteRunnerWorker.java:96)
at org.testng.TestNG.runSuitesSequentially(TestNG.java:1212)
at org.testng.TestNG.runSuitesLocally(TestNG.java:1134)
at org.testng.TestNG.runSuites(TestNG.java:1063)
at org.testng.TestNG.run(TestNG.java:1031)
at org.testng.remote.AbstractRemoteTestNG.run(AbstractRemoteTestNG.java:115)
at org.testng.remote.RemoteTestNG.initAndRun(RemoteTestNG.java:251)
at org.testng.remote.RemoteTestNG.main(RemoteTestNG.java:77)
]]>
            </full-stacktrace>
          </exception> <!-- org.openqa.selenium.NoSuchElementException -->
          <reporter-output>
          </reporter-output>
        </test-method> <!-- fbpage8 -->
        <test-method status="PASS" signature="afterTest()[pri:0, instance:flightbooking1.fb1@3e57cd70]" name="afterTest" is-config="true" duration-ms="2008" started-at="2021-10-02T00:15:53 IST" finished-at="2021-10-02T00:15:55 IST">
          <reporter-output>
          </reporter-output>
        </test-method> <!-- afterTest -->
      </class> <!-- flightbooking1.fb1 -->
    </test> <!-- Default test -->
  </suite> <!-- Default suite -->
</testng-results>
